<?xml version="1.0" encoding="UTF-8"?>
<testsuite xmlns:xsi="http://www.w3.org/2001/XMLSchema-instance" xsi:noNamespaceSchemaLocation="https://maven.apache.org/surefire/maven-surefire-plugin/xsd/surefire-test-report-3.0.xsd" version="3.0" name="org.example.testRunner.runners" time="214.577" tests="19" errors="0" skipped="0" failures="3">
  <properties>
[...]
</properties>
  <testcase name="runScenario" classname="org.example.testRunner.runners" time="28.279"/>
  <testcase name="runScenario" classname="org.example.testRunner.runners" time="11.402"/>
  <testcase name="runScenario" classname="org.example.testRunner.runners" time="15.08"/>
  <testcase name="runScenario" classname="org.example.testRunner.runners" time="8.757"/>
  <testcase name="runScenario" classname="org.example.testRunner.runners" time="7.22"/>
  <testcase name="runScenario" classname="org.example.testRunner.runners" time="7.148"/>
  <testcase name="runScenario" classname="org.example.testRunner.runners" time="8.514"/>
  <testcase name="runScenario" classname="org.example.testRunner.runners" time="11.488"/>
  <testcase name="runScenario" classname="org.example.testRunner.runners" time="11.262"/>
  <testcase name="runScenario" classname="org.example.testRunner.runners" time="11.411"/>
  <testcase name="runScenario" classname="org.example.testRunner.runners" time="19.774"/>
  <testcase name="runScenario" classname="org.example.testRunner.runners" time="6.43">
    <failure message="expected [https://demo.nopcommerce.com/nokia-lumia-1020] but found [https://demo.nopcommerce.com/]" type="java.lang.AssertionError"><![CDATA[java.lang.AssertionError: expected [https://demo.nopcommerce.com/nokia-lumia-1020] but found [https://demo.nopcommerce.com/]
]]></failure>
    <system-out><![CDATA[
@smoke
Scenario: user register with valid data                         &amp#27;[90m# src/main/resources/features/F01_Register.feature:4&amp#27;[0m
  &amp#27;[32mGiven &amp#27;[0m&amp#27;[32muser go to register page&amp#27;[0m                                &amp#27;[90m# org.example.stepDefs.D01_registerStepDef.register_page()&amp#27;[0m
  &amp#27;[32mWhen &amp#27;[0m&amp#27;[32muser select gender&amp#27;[0m                                       &amp#27;[90m# org.example.stepDefs.D01_registerStepDef.gender()&amp#27;[0m
  &amp#27;[32mAnd &amp#27;[0m&amp#27;[32muser enter first name "&amp#27;[0m&amp#27;[32m&amp#27;[1mautomation&amp#27;[0m&amp#27;[32m" and last name "&amp#27;[0m&amp#27;[32m&amp#27;[1mtester&amp#27;[0m&amp#27;[32m"&amp#27;[0m &amp#27;[90m# org.example.stepDefs.D01_registerStepDef.first_and_last(java.lang.String,java.lang.String)&amp#27;[0m
  &amp#27;[32mAnd &amp#27;[0m&amp#27;[32muser enter date of birth&amp#27;[0m                                  &amp#27;[90m# org.example.stepDefs.D01_registerStepDef.date_of_birth()&amp#27;[0m
  &amp#27;[32mAnd &amp#27;[0m&amp#27;[32muser enter email "&amp#27;[0m&amp#27;[32m&amp#27;[1mmohamed@example.com&amp#27;[0m&amp#27;[32m" field&amp#27;[0m              &amp#27;[90m# org.example.stepDefs.D01_registerStepDef.enterEmail(java.lang.String)&amp#27;[0m
  &amp#27;[32mAnd &amp#27;[0m&amp#27;[32muser fills Password fields "&amp#27;[0m&amp#27;[32m&amp#27;[1mP@ssw0rd&amp#27;[0m&amp#27;[32m" "&amp#27;[0m&amp#27;[32m&amp#27;[1mP@ssw0rd&amp#27;[0m&amp#27;[32m"&amp#27;[0m          &amp#27;[90m# org.example.stepDefs.D01_registerStepDef.passwordField(java.lang.String,java.lang.String)&amp#27;[0m
  &amp#27;[32mAnd &amp#27;[0m&amp#27;[32muser clicks on register button&amp#27;[0m                            &amp#27;[90m# org.example.stepDefs.D01_registerStepDef.clickRegister()&amp#27;[0m
  &amp#27;[32mThen &amp#27;[0m&amp#27;[32msuccess message is displayed&amp#27;[0m                             &amp#27;[90m# org.example.stepDefs.D01_registerStepDef.success()&amp#27;[0m

@smoke
Scenario: user could login with valid email and password            &amp#27;[90m# src/main/resources/features/F02_Login.feature:4&amp#27;[0m
  &amp#27;[32mGiven &amp#27;[0m&amp#27;[32muser go to login page&amp#27;[0m                                       &amp#27;[90m# org.example.stepDefs.D02_loginStepDef.login_page()&amp#27;[0m
  &amp#27;[32mWhen &amp#27;[0m&amp#27;[32muser login with "valid" "&amp#27;[0m&amp#27;[32m&amp#27;[1mmohamed@example.com&amp#27;[0m&amp#27;[32m" and "&amp#27;[0m&amp#27;[32m&amp#27;[1mP@ssw0rd&amp#27;[0m&amp#27;[32m"&amp#27;[0m &amp#27;[90m# org.example.stepDefs.D02_loginStepDef.validId(java.lang.String,java.lang.String)&amp#27;[0m
  &amp#27;[32mAnd &amp#27;[0m&amp#27;[32muser press on login button&amp#27;[0m                                    &amp#27;[90m# org.example.stepDefs.D02_loginStepDef.logBtn()&amp#27;[0m
  &amp#27;[32mThen &amp#27;[0m&amp#27;[32muser login to the system successfully&amp#27;[0m                        &amp#27;[90m# org.example.stepDefs.D02_loginStepDef.loginSuccess()&amp#27;[0m

@smoke
Scenario: user could login with invalid email and password          &amp#27;[90m# src/main/resources/features/F02_Login.feature:10&amp#27;[0m
  &amp#27;[32mGiven &amp#27;[0m&amp#27;[32muser go to login page&amp#27;[0m                                       &amp#27;[90m# org.example.stepDefs.D02_loginStepDef.login_page()&amp#27;[0m
  &amp#27;[32mWhen &amp#27;[0m&amp#27;[32muser login with "invalid" "&amp#27;[0m&amp#27;[32m&amp#27;[1mwrong@example.com&amp#27;[0m&amp#27;[32m" and "&amp#27;[0m&amp#27;[32m&amp#27;[1mP@ssw0rd&amp#27;[0m&amp#27;[32m"&amp#27;[0m &amp#27;[90m# org.example.stepDefs.D02_loginStepDef.invalidId(java.lang.String,java.lang.String)&amp#27;[0m
  &amp#27;[32mAnd &amp#27;[0m&amp#27;[32muser press on login button&amp#27;[0m                                    &amp#27;[90m# org.example.stepDefs.D02_loginStepDef.logBtn()&amp#27;[0m
  &amp#27;[32mThen &amp#27;[0m&amp#27;[32muser could not login to the system&amp#27;[0m                           &amp#27;[90m# org.example.stepDefs.D02_loginStepDef.loginFailed()&amp#27;[0m

@smoke
Scenario: user could switch currency to euro                        &amp#27;[90m# src/main/resources/features/F03_currencies.feature:3&amp#27;[0m
  &amp#27;[32mWhen &amp#27;[0m&amp#27;[32muser select euro currency&amp#27;[0m                                    &amp#27;[90m# org.example.stepDefs.D03_currenciesStepDef.selectEuro()&amp#27;[0m
  &amp#27;[32mThen &amp#27;[0m&amp#27;[32muser can find euro symbol shown on the products in Home page&amp#27;[0m &amp#27;[90m# org.example.stepDefs.D03_currenciesStepDef.euroSymbol()&amp#27;[0m

@smoke
Scenario Outline: user could search using product name      &amp#27;[90m# src/main/resources/features/F04_Search.feature:9&amp#27;[0m
  &amp#27;[32mWhen &amp#27;[0m&amp#27;[32muser clicks on search box&amp#27;[0m                            &amp#27;[90m# org.example.stepDefs.D04_searchStepDef.clickOnSearch()&amp#27;[0m
  &amp#27;[32mAnd &amp#27;[0m&amp#27;[32muser search with name "&amp#27;[0m&amp#27;[32m&amp#27;[1mbook&amp#27;[0m&amp#27;[32m"&amp#27;[0m                          &amp#27;[90m# org.example.stepDefs.D04_searchStepDef.searchWithProductName(java.lang.String)&amp#27;[0m
  &amp#27;[32mThen &amp#27;[0m&amp#27;[32msearch result appears relevant to the search keyword&amp#27;[0m &amp#27;[90m# org.example.stepDefs.D04_searchStepDef.productsResult()&amp#27;[0m

@smoke
Scenario Outline: user could search using product name      &amp#27;[90m# src/main/resources/features/F04_Search.feature:10&amp#27;[0m
  &amp#27;[32mWhen &amp#27;[0m&amp#27;[32muser clicks on search box&amp#27;[0m                            &amp#27;[90m# org.example.stepDefs.D04_searchStepDef.clickOnSearch()&amp#27;[0m
  &amp#27;[32mAnd &amp#27;[0m&amp#27;[32muser search with name "&amp#27;[0m&amp#27;[32m&amp#27;[1mlaptop&amp#27;[0m&amp#27;[32m"&amp#27;[0m                        &amp#27;[90m# org.example.stepDefs.D04_searchStepDef.searchWithProductName(java.lang.String)&amp#27;[0m
  &amp#27;[32mThen &amp#27;[0m&amp#27;[32msearch result appears relevant to the search keyword&amp#27;[0m &amp#27;[90m# org.example.stepDefs.D04_searchStepDef.productsResult()&amp#27;[0m

@smoke
Scenario Outline: user could search using product name      &amp#27;[90m# src/main/resources/features/F04_Search.feature:11&amp#27;[0m
  &amp#27;[32mWhen &amp#27;[0m&amp#27;[32muser clicks on search box&amp#27;[0m                            &amp#27;[90m# org.example.stepDefs.D04_searchStepDef.clickOnSearch()&amp#27;[0m
  &amp#27;[32mAnd &amp#27;[0m&amp#27;[32muser search with name "&amp#27;[0m&amp#27;[32m&amp#27;[1mnike&amp#27;[0m&amp#27;[32m"&amp#27;[0m                          &amp#27;[90m# org.example.stepDefs.D04_searchStepDef.searchWithProductName(java.lang.String)&amp#27;[0m
  &amp#27;[32mThen &amp#27;[0m&amp#27;[32msearch result appears relevant to the search keyword&amp#27;[0m &amp#27;[90m# org.example.stepDefs.D04_searchStepDef.productsResult()&amp#27;[0m

@smoke
Scenario Outline: user could search using product sku &amp#27;[90m# src/main/resources/features/F04_Search.feature:20&amp#27;[0m
  &amp#27;[32mWhen &amp#27;[0m&amp#27;[32muser clicks on search box&amp#27;[0m                      &amp#27;[90m# org.example.stepDefs.D04_searchStepDef.clickOnSearch()&amp#27;[0m
  &amp#27;[32mAnd &amp#27;[0m&amp#27;[32muser search with sku "&amp#27;[0m&amp#27;[32m&amp#27;[1mSCI_FAITH&amp#27;[0m&amp#27;[32m"&amp#27;[0m                &amp#27;[90m# org.example.stepDefs.D04_searchStepDef.searchWithSku(java.lang.String)&amp#27;[0m
  &amp#27;[32mThen &amp#27;[0m&amp#27;[32msearch result appears with "&amp#27;[0m&amp#27;[32m&amp#27;[1mSCI_FAITH&amp#27;[0m&amp#27;[32m"&amp#27;[0m         &amp#27;[90m# org.example.stepDefs.D04_searchStepDef.skuResult(java.lang.String)&amp#27;[0m

@smoke
Scenario Outline: user could search using product sku &amp#27;[90m# src/main/resources/features/F04_Search.feature:21&amp#27;[0m
  &amp#27;[32mWhen &amp#27;[0m&amp#27;[32muser clicks on search box&amp#27;[0m                      &amp#27;[90m# org.example.stepDefs.D04_searchStepDef.clickOnSearch()&amp#27;[0m
  &amp#27;[32mAnd &amp#27;[0m&amp#27;[32muser search with sku "&amp#27;[0m&amp#27;[32m&amp#27;[1mAPPLE_CAM&amp#27;[0m&amp#27;[32m"&amp#27;[0m                &amp#27;[90m# org.example.stepDefs.D04_searchStepDef.searchWithSku(java.lang.String)&amp#27;[0m
  &amp#27;[32mThen &amp#27;[0m&amp#27;[32msearch result appears with "&amp#27;[0m&amp#27;[32m&amp#27;[1mAPPLE_CAM&amp#27;[0m&amp#27;[32m"&amp#27;[0m         &amp#27;[90m# org.example.stepDefs.D04_searchStepDef.skuResult(java.lang.String)&amp#27;[0m

@smoke
Scenario Outline: user could search using product sku &amp#27;[90m# src/main/resources/features/F04_Search.feature:22&amp#27;[0m
  &amp#27;[32mWhen &amp#27;[0m&amp#27;[32muser clicks on search box&amp#27;[0m                      &amp#27;[90m# org.example.stepDefs.D04_searchStepDef.clickOnSearch()&amp#27;[0m
  &amp#27;[32mAnd &amp#27;[0m&amp#27;[32muser search with sku "&amp#27;[0m&amp#27;[32m&amp#27;[1mSF_PRO_11&amp#27;[0m&amp#27;[32m"&amp#27;[0m                &amp#27;[90m# org.example.stepDefs.D04_searchStepDef.searchWithSku(java.lang.String)&amp#27;[0m
  &amp#27;[32mThen &amp#27;[0m&amp#27;[32msearch result appears with "&amp#27;[0m&amp#27;[32m&amp#27;[1mSF_PRO_11&amp#27;[0m&amp#27;[32m"&amp#27;[0m         &amp#27;[90m# org.example.stepDefs.D04_searchStepDef.skuResult(java.lang.String)&amp#27;[0m

@smoke
Scenario: user could select any category                      &amp#27;[90m# src/main/resources/features/F05_hoverCategories.feature:4&amp#27;[0m
  &amp#27;[32mWhen &amp#27;[0m&amp#27;[32muser select subcategory after hovering over categories&amp#27;[0m &amp#27;[90m# org.example.stepDefs.D05_hoverCategoriesStepDef.selectSubCategory()&amp#27;[0m

@smoke
Scenario: First slider is clickable on home page &amp#27;[90m# src/main/resources/features/F06_homeSliders.feature:3&amp#27;[0m
  &amp#27;[32mWhen &amp#27;[0m&amp#27;[32muser clicks on first slider&amp#27;[0m               &amp#27;[90m# org.example.stepDefs.D06_homeSlidersStepDef.selectFirstSlider()&amp#27;[0m
  &amp#27;[32mAnd &amp#27;[0m&amp#27;[32muser clicks on first slider product&amp#27;[0m        &amp#27;[90m# org.example.stepDefs.D06_homeSlidersStepDef.selectFirstProduct()&amp#27;[0m
  &amp#27;[31mThen &amp#27;[0m&amp#27;[31muser redirected to first product page&amp#27;[0m     &amp#27;[90m# org.example.stepDefs.D06_homeSlidersStepDef.firstProductUrl()&amp#27;[0m
      &amp#27;[31mjava.lang.AssertionError: expected [https://demo.nopcommerce.com/nokia-lumia-1020] but found [https://demo.nopcommerce.com/]
	at]]></system-out>
    <system-err><![CDATA[Starting Microsoft Edge WebDriver 105.0.1343.33 (4122bb4646b33f33bca5d269490b9caadfc452b2) on port 53809
To submit feedback, report a bug, or suggest new features, please visit https://github.com/MicrosoftEdge/EdgeWebDriver

Only local connections are allowed.
Please see https://aka.ms/WebDriverSecurity for suggestions on keeping Microsoft Edge WebDriver safe.

Microsoft Edge WebDriver was started successfully.
Sep 19, 2022 10:57:54 PM org.openqa.selenium.remote.ProtocolHandshake createSession
INFO: Detected upstream dialect: W3C
Sep 19, 2022 10:57:54 PM org.openqa.selenium.devtools.CdpVersionFinder findNearestMatch
WARNING: Unable to find an exact match for CDP version 105, so returning the closest version found: 104
Sep 19, 2022 10:57:54 PM org.openqa.selenium.devtools.CdpVersionFinder findNearestMatch
INFO: Found CDP implementation for version 105 of 104
]]></system-err>
  </testcase>
  <testcase name="runScenario" classname="org.example.testRunner.runners" time="6.427">
    <failure message="expected [https://demo.nopcommerce.com/iphone-6] but found [https://demo.nopcommerce.com/]" type="java.lang.AssertionError"><![CDATA[java.lang.AssertionError: expected [https://demo.nopcommerce.com/iphone-6] but found [https://demo.nopcommerce.com/]
]]></failure>
    <system-err><![CDATA[Starting Microsoft Edge WebDriver 105.0.1343.33 (4122bb4646b33f33bca5d269490b9caadfc452b2) on port 54764
To submit feedback, report a bug, or suggest new features, please visit https://github.com/MicrosoftEdge/EdgeWebDriver

Only local connections are allowed.
Please see https://aka.ms/WebDriverSecurity for suggestions on keeping Microsoft Edge WebDriver safe.

Microsoft Edge WebDriver was started successfully.
Sep 19, 2022 10:58:01 PM org.openqa.selenium.remote.ProtocolHandshake createSession
INFO: Detected upstream dialect: W3C
Sep 19, 2022 10:58:01 PM org.openqa.selenium.devtools.CdpVersionFinder findNearestMatch
WARNING: Unable to find an exact match for CDP version 105, so returning the closest version found: 104
Sep 19, 2022 10:58:01 PM org.openqa.selenium.devtools.CdpVersionFinder findNearestMatch
INFO: Found CDP implementation for version 105 of 104
]]></system-err>
  </testcase>
  <testcase name="runScenario" classname="org.example.testRunner.runners" time="8.289"/>
  <testcase name="runScenario" classname="org.example.testRunner.runners" time="7.916"/>
  <testcase name="runScenario" classname="org.example.testRunner.runners" time="9.813">
    <failure message="Index: 1, Size: 1" type="java.lang.IndexOutOfBoundsException"><![CDATA[java.lang.IndexOutOfBoundsException: Index: 1, Size: 1
]]></failure>
    <system-err><![CDATA[Starting Microsoft Edge WebDriver 105.0.1343.33 (4122bb4646b33f33bca5d269490b9caadfc452b2) on port 56058
To submit feedback, report a bug, or suggest new features, please visit https://github.com/MicrosoftEdge/EdgeWebDriver

Only local connections are allowed.
Please see https://aka.ms/WebDriverSecurity for suggestions on keeping Microsoft Edge WebDriver safe.

Microsoft Edge WebDriver was started successfully.
Sep 19, 2022 10:58:23 PM org.openqa.selenium.remote.ProtocolHandshake createSession
INFO: Detected upstream dialect: W3C
Sep 19, 2022 10:58:23 PM org.openqa.selenium.devtools.CdpVersionFinder findNearestMatch
WARNING: Unable to find an exact match for CDP version 105, so returning the closest version found: 104
Sep 19, 2022 10:58:23 PM org.openqa.selenium.devtools.CdpVersionFinder findNearestMatch
INFO: Found CDP implementation for version 105 of 104
]]></system-err>
  </testcase>
  <testcase name="runScenario" classname="org.example.testRunner.runners" time="11.391"/>
  <testcase name="runScenario" classname="org.example.testRunner.runners" time="10.887"/>
  <testcase name="runScenario" classname="org.example.testRunner.runners" time="12.134"/>
</testsuite>